usbSerialExamples/build/intermediates/manifest_merge_blame_file/debug/processDebugMainManifest/manifest-merger-blame-debug-report.txt
1<?xml version="1.0" encoding="utf-8"?>
2<manifest xmlns:android="http://schemas.android.com/apk/res/android"
3    package="com.hoho.android.usbserial.examples" >
4
5    <uses-sdk
6        android:minSdkVersion="17"
7        android:targetSdkVersion="35" />
8
9    <permission
9-->[androidx.core:core:1.9.0] AndroidManifest.xml:22:5-24:47
10        android:name="com.hoho.android.usbserial.examples.DYNAMIC_RECEIVER_NOT_EXPORTED_PERMISSION"
10-->[androidx.core:core:1.9.0] AndroidManifest.xml:23:9-81
11        android:protectionLevel="signature" />
11-->[androidx.core:core:1.9.0] AndroidManifest.xml:24:9-44
12
13    <uses-permission android:name="com.hoho.android.usbserial.examples.DYNAMIC_RECEIVER_NOT_EXPORTED_PERMISSION" /> <!-- mipmap/ic_launcher created with Android Studio -> New -> Image Asset using @color/colorPrimary and USB clip art -->
13-->[androidx.core:core:1.9.0] AndroidManifest.xml:26:5-97
13-->[androidx.core:core:1.9.0] AndroidManifest.xml:26:22-94
14    <application
14-->src/main/AndroidManifest.xml:6:5-31:19
15        android:appComponentFactory="androidx.core.app.CoreComponentFactory"
15-->[androidx.core:core:1.9.0] AndroidManifest.xml:28:18-86
16        android:debuggable="true"
17        android:extractNativeLibs="true"
18        android:icon="@mipmap/ic_launcher"
18-->src/main/AndroidManifest.xml:7:9-43
19        android:label="@string/app_name"
19-->src/main/AndroidManifest.xml:8:9-41
20        android:theme="@style/AppTheme" >
20-->src/main/AndroidManifest.xml:9:9-40
21
22        <!--
23             for this simple app launchMode=singleTask and singleTop have same effect.
24             If you would start another activity in the app, e.g. Android Settings
25             then you should use singleTask, else a new MainActivity would be started
26             when the settings activity is currently shown
27        -->
28        <activity
28-->src/main/AndroidManifest.xml:15:9-30:20
29            android:name="com.hoho.android.usbserial.examples.MainActivity"
29-->src/main/AndroidManifest.xml:16:13-41
30            android:exported="true"
30-->src/main/AndroidManifest.xml:19:13-36
31            android:launchMode="singleTask"
31-->src/main/AndroidManifest.xml:17:13-44
32            android:windowSoftInputMode="stateHidden|adjustResize" >
32-->src/main/AndroidManifest.xml:18:13-67
33            <intent-filter>
33-->src/main/AndroidManifest.xml:20:13-23:29
34                <action android:name="android.intent.action.MAIN" />
34-->src/main/AndroidManifest.xml:21:17-69
34-->src/main/AndroidManifest.xml:21:25-66
35
36                <category android:name="android.intent.category.LAUNCHER" />
36-->src/main/AndroidManifest.xml:22:17-77
36-->src/main/AndroidManifest.xml:22:27-74
37            </intent-filter>
38            <intent-filter>
38-->src/main/AndroidManifest.xml:24:13-26:29
39                <action android:name="android.hardware.usb.action.USB_DEVICE_ATTACHED" />
39-->src/main/AndroidManifest.xml:25:17-90
39-->src/main/AndroidManifest.xml:25:25-87
40            </intent-filter>
41
42            <meta-data
42-->src/main/AndroidManifest.xml:27:13-29:57
43                android:name="android.hardware.usb.action.USB_DEVICE_ATTACHED"
43-->src/main/AndroidManifest.xml:28:17-79
44                android:resource="@xml/device_filter" />
44-->src/main/AndroidManifest.xml:29:17-54
45        </activity>
46
47        <provider
47-->[androidx.emoji2:emoji2:1.2.0] AndroidManifest.xml:24:9-32:20
48            android:name="androidx.startup.InitializationProvider"
48-->[androidx.emoji2:emoji2:1.2.0] AndroidManifest.xml:25:13-67
49            android:authorities="com.hoho.android.usbserial.examples.androidx-startup"
49-->[androidx.emoji2:emoji2:1.2.0] AndroidManifest.xml:26:13-68
50            android:exported="false" >
50-->[androidx.emoji2:emoji2:1.2.0] AndroidManifest.xml:27:13-37
51            <meta-data
51-->[androidx.emoji2:emoji2:1.2.0] AndroidManifest.xml:29:13-31:52
52                android:name="androidx.emoji2.text.EmojiCompatInitializer"
52-->[androidx.emoji2:emoji2:1.2.0] AndroidManifest.xml:30:17-75
53                android:value="androidx.startup" />
53-->[androidx.emoji2:emoji2:1.2.0] AndroidManifest.xml:31:17-49
54            <meta-data
54-->[androidx.lifecycle:lifecycle-process:2.6.1] AndroidManifest.xml:29:13-31:52
55                android:name="androidx.lifecycle.ProcessLifecycleInitializer"
55-->[androidx.lifecycle:lifecycle-process:2.6.1] AndroidManifest.xml:30:17-78
56                android:value="androidx.startup" />
56-->[androidx.lifecycle:lifecycle-process:2.6.1] AndroidManifest.xml:31:17-49
57            <meta-data
57-->[androidx.profileinstaller:profileinstaller:1.3.0] AndroidManifest.xml:29:13-31:52
58                android:name="androidx.profileinstaller.ProfileInstallerInitializer"
58-->[androidx.profileinstaller:profileinstaller:1.3.0] AndroidManifest.xml:30:17-85
59                android:value="androidx.startup" />
59-->[androidx.profileinstaller:profileinstaller:1.3.0] AndroidManifest.xml:31:17-49
60        </provider>
61
62        <receiver
62-->[androidx.profileinstaller:profileinstaller:1.3.0] AndroidManifest.xml:34:9-52:20
63            android:name="androidx.profileinstaller.ProfileInstallReceiver"
63-->[androidx.profileinstaller:profileinstaller:1.3.0] AndroidManifest.xml:35:13-76
64            android:directBootAware="false"
64-->[androidx.profileinstaller:profileinstaller:1.3.0] AndroidManifest.xml:36:13-44
65            android:enabled="true"
65-->[androidx.profileinstaller:profileinstaller:1.3.0] AndroidManifest.xml:37:13-35
66            android:exported="true"
66-->[androidx.profileinstaller:profileinstaller:1.3.0] AndroidManifest.xml:38:13-36
67            android:permission="android.permission.DUMP" >
67-->[androidx.profileinstaller:profileinstaller:1.3.0] AndroidManifest.xml:39:13-57
68            <intent-filter>
68-->[androidx.profileinstaller:profileinstaller:1.3.0] AndroidManifest.xml:40:13-42:29
69                <action android:name="androidx.profileinstaller.action.INSTALL_PROFILE" />
69-->[androidx.profileinstaller:profileinstaller:1.3.0] AndroidManifest.xml:41:17-91
69-->[androidx.profileinstaller:profileinstaller:1.3.0] AndroidManifest.xml:41:25-88
70            </intent-filter>
71            <intent-filter>
71-->[androidx.profileinstaller:profileinstaller:1.3.0] AndroidManifest.xml:43:13-45:29
72                <action android:name="androidx.profileinstaller.action.SKIP_FILE" />
72-->[androidx.profileinstaller:profileinstaller:1.3.0] AndroidManifest.xml:44:17-85
72-->[androidx.profileinstaller:profileinstaller:1.3.0] AndroidManifest.xml:44:25-82
73            </intent-filter>
74            <intent-filter>
74-->[androidx.profileinstaller:profileinstaller:1.3.0] AndroidManifest.xml:46:13-48:29
75                <action android:name="androidx.profileinstaller.action.SAVE_PROFILE" />
75-->[androidx.profileinstaller:profileinstaller:1.3.0] AndroidManifest.xml:47:17-88
75-->[androidx.profileinstaller:profileinstaller:1.3.0] AndroidManifest.xml:47:25-85
76            </intent-filter>
77            <intent-filter>
77-->[androidx.profileinstaller:profileinstaller:1.3.0] AndroidManifest.xml:49:13-51:29
78                <action android:name="androidx.profileinstaller.action.BENCHMARK_OPERATION" />
78-->[androidx.profileinstaller:profileinstaller:1.3.0] AndroidManifest.xml:50:17-95
78-->[androidx.profileinstaller:profileinstaller:1.3.0] AndroidManifest.xml:50:25-92
79            </intent-filter>
80        </receiver>
81    </application>
82
83</manifest>